@import url('https://fonts.googleapis.com/css?family=Poppins:300|Roboto:300|Pacifico:300');

co-notification-item {
    font-family: Poppins;
    /*
    font-family: Poppins;
    display:grid;
    padding:20px;
    grid-gap:20px;
    grid-template-columns: 1fr 5fr;
    border-bottom:1px solid #f1f1f1;
    font-size: 14px;
    color: #111111*/
    
}

co-notification-item img {
    height:50px;
    border-radius:100px;
    width:50px;
    margin: auto;
    margin-top:25px
}

date-component {
    display:grid;
    grid-template-columns:1fr 1fr;
    color:#86919A;
    text-align:right;
    font-size:12px;
}

user-component {
    color:#86919A;
  text-align:left;
  font-size:12px;
}

title-component {
    text-transform:uppercase;
    color:#86919A;
    font-size:13px;
}

content-component {
    margin-top:5px;
    margin-bottom:5px;
}

conteiner-component {
    font-family: Poppins;
    display:grid;
    padding:20px;
    grid-gap:20px;
    grid-template-columns: 1fr 5fr;
    border-bottom:1px solid #f1f1f1;
    font-size: 14px;
    color: #111111
}